mode: set
github.com/artziel/go-migrations/bridge.go:5.66,7.2 1 0
github.com/artziel/go-migrations/database.go:26.43,27.27 1 0
github.com/artziel/go-migrations/database.go:30.2,30.27 1 0
github.com/artziel/go-migrations/database.go:33.2,33.30 1 0
github.com/artziel/go-migrations/database.go:36.2,36.31 1 0
github.com/artziel/go-migrations/database.go:27.27,29.3 1 0
github.com/artziel/go-migrations/database.go:30.27,32.3 1 0
github.com/artziel/go-migrations/database.go:33.30,35.3 1 0
github.com/artziel/go-migrations/database.go:36.31,38.3 1 0
github.com/artziel/go-migrations/database.go:46.36,47.17 1 0
github.com/artziel/go-migrations/database.go:51.2,51.18 1 0
github.com/artziel/go-migrations/database.go:47.17,49.3 1 0
github.com/artziel/go-migrations/database.go:54.62,58.16 3 0
github.com/artziel/go-migrations/database.go:62.2,64.38 2 0
github.com/artziel/go-migrations/database.go:69.2,69.35 1 0
github.com/artziel/go-migrations/database.go:73.2,73.12 1 0
github.com/artziel/go-migrations/database.go:58.16,60.3 1 0
github.com/artziel/go-migrations/database.go:64.38,66.3 1 0
github.com/artziel/go-migrations/database.go:69.35,71.3 1 0
github.com/artziel/go-migrations/database.go:76.52,78.17 1 0
github.com/artziel/go-migrations/database.go:82.2,98.16 6 0
github.com/artziel/go-migrations/database.go:102.2,108.18 5 0
github.com/artziel/go-migrations/database.go:78.17,80.3 1 0
github.com/artziel/go-migrations/database.go:98.16,100.3 1 0
github.com/artziel/go-migrations/database.go:111.14,114.2 2 0
github.com/artziel/go-migrations/migration.go:26.66,31.16 3 1
github.com/artziel/go-migrations/migration.go:35.2,37.26 2 1
github.com/artziel/go-migrations/migration.go:31.16,33.3 1 0
github.com/artziel/go-migrations/migration.go:40.52,44.20 3 1
github.com/artziel/go-migrations/migration.go:47.2,47.11 1 1
github.com/artziel/go-migrations/migration.go:44.20,46.3 1 1
github.com/artziel/go-migrations/migration.go:50.49,54.20 3 1
github.com/artziel/go-migrations/migration.go:57.2,57.11 1 1
github.com/artziel/go-migrations/migration.go:54.20,56.3 1 1
github.com/artziel/go-migrations/migration.go:60.52,64.20 3 1
github.com/artziel/go-migrations/migration.go:67.2,67.11 1 1
github.com/artziel/go-migrations/migration.go:64.20,66.3 1 1
github.com/artziel/go-migrations/migration.go:70.54,74.20 3 1
github.com/artziel/go-migrations/migration.go:77.2,77.11 1 1
github.com/artziel/go-migrations/migration.go:74.20,76.3 1 1
github.com/artziel/go-migrations/migrations.go:14.48,17.18 2 0
github.com/artziel/go-migrations/migrations.go:21.2,21.16 1 0
github.com/artziel/go-migrations/migrations.go:17.18,19.3 1 0
github.com/artziel/go-migrations/migrations.go:24.40,34.2 6 1
github.com/artziel/go-migrations/migrations.go:36.51,39.16 3 0
github.com/artziel/go-migrations/migrations.go:43.2,48.23 5 0
github.com/artziel/go-migrations/migrations.go:39.16,41.3 1 0
github.com/artziel/go-migrations/migrations.go:76.68,80.16 3 0
github.com/artziel/go-migrations/migrations.go:84.2,86.32 2 0
github.com/artziel/go-migrations/migrations.go:91.2,91.35 1 0
github.com/artziel/go-migrations/migrations.go:95.2,95.12 1 0
github.com/artziel/go-migrations/migrations.go:80.16,82.3 1 0
github.com/artziel/go-migrations/migrations.go:86.32,88.3 1 0
github.com/artziel/go-migrations/migrations.go:91.35,93.3 1 0
github.com/artziel/go-migrations/migrations.go:101.30,102.30 1 0
github.com/artziel/go-migrations/migrations.go:105.2,106.22 2 0
github.com/artziel/go-migrations/migrations.go:102.30,104.3 1 0
github.com/artziel/go-migrations/migrations.go:112.56,114.57 1 0
github.com/artziel/go-migrations/migrations.go:114.57,117.40 3 0
github.com/artziel/go-migrations/migrations.go:117.40,119.4 1 0
github.com/artziel/go-migrations/migrations.go:120.8,123.3 2 0
github.com/artziel/go-migrations/migrations.go:130.66,134.39 2 0
github.com/artziel/go-migrations/migrations.go:143.2,143.12 1 0
github.com/artziel/go-migrations/migrations.go:134.39,135.53 1 0
github.com/artziel/go-migrations/migrations.go:135.53,138.4 2 0
github.com/artziel/go-migrations/migrations.go:138.9,141.4 2 0
github.com/artziel/go-migrations/migrations.go:149.55,150.26 1 0
github.com/artziel/go-migrations/migrations.go:156.2,156.14 1 0
github.com/artziel/go-migrations/migrations.go:150.26,151.19 1 0
github.com/artziel/go-migrations/migrations.go:151.19,153.4 1 0
github.com/artziel/go-migrations/migrations.go:167.69,175.42 6 0
github.com/artziel/go-migrations/migrations.go:178.2,182.16 4 0
github.com/artziel/go-migrations/migrations.go:185.2,186.18 2 0
github.com/artziel/go-migrations/migrations.go:197.2,198.16 2 0
github.com/artziel/go-migrations/migrations.go:202.2,202.12 1 0
github.com/artziel/go-migrations/migrations.go:175.42,177.3 1 0
github.com/artziel/go-migrations/migrations.go:182.16,184.3 1 0
github.com/artziel/go-migrations/migrations.go:186.18,189.17 3 0
github.com/artziel/go-migrations/migrations.go:189.17,191.4 1 0
github.com/artziel/go-migrations/migrations.go:191.9,195.4 3 0
github.com/artziel/go-migrations/migrations.go:198.16,200.3 1 0
github.com/artziel/go-migrations/migrations.go:205.71,210.30 3 0
github.com/artziel/go-migrations/migrations.go:213.2,215.25 2 0
github.com/artziel/go-migrations/migrations.go:221.2,221.19 1 0
github.com/artziel/go-migrations/migrations.go:210.30,212.3 1 0
github.com/artziel/go-migrations/migrations.go:215.25,216.39 1 0
github.com/artziel/go-migrations/migrations.go:216.39,218.4 1 0
github.com/artziel/go-migrations/migrations.go:224.79,234.16 3 0
github.com/artziel/go-migrations/migrations.go:239.2,241.30 2 0
github.com/artziel/go-migrations/migrations.go:234.16,237.3 2 0
github.com/artziel/go-migrations/migrations.go:244.50,248.30 3 0
github.com/artziel/go-migrations/migrations.go:251.2,253.25 2 0
github.com/artziel/go-migrations/migrations.go:257.2,257.19 1 0
github.com/artziel/go-migrations/migrations.go:248.30,250.3 1 0
github.com/artziel/go-migrations/migrations.go:253.25,255.3 1 0
github.com/artziel/go-migrations/migrations.go:260.52,263.16 2 0
github.com/artziel/go-migrations/migrations.go:267.2,267.29 1 0
github.com/artziel/go-migrations/migrations.go:284.2,287.12 3 0
github.com/artziel/go-migrations/migrations.go:263.16,265.3 1 0
github.com/artziel/go-migrations/migrations.go:267.29,269.17 2 0
github.com/artziel/go-migrations/migrations.go:272.3,272.57 1 0
github.com/artziel/go-migrations/migrations.go:269.17,271.4 1 0
github.com/artziel/go-migrations/migrations.go:272.57,274.4 1 0
github.com/artziel/go-migrations/migrations.go:274.9,276.38 2 0
github.com/artziel/go-migrations/migrations.go:276.38,278.5 1 0
github.com/artziel/go-migrations/migrations.go:278.10,280.5 1 0
github.com/artziel/go-migrations/migrations.go:290.47,292.2 1 0
github.com/artziel/go-migrations/migrations.go:294.45,296.2 1 0
github.com/artziel/go-migrations/migrations.go:298.78,299.36 1 0
github.com/artziel/go-migrations/migrations.go:303.2,303.49 1 0
github.com/artziel/go-migrations/migrations.go:338.2,338.12 1 0
github.com/artziel/go-migrations/migrations.go:299.36,301.3 1 0
github.com/artziel/go-migrations/migrations.go:303.49,307.87 3 0
github.com/artziel/go-migrations/migrations.go:311.3,312.17 2 0
github.com/artziel/go-migrations/migrations.go:316.3,316.45 1 0
github.com/artziel/go-migrations/migrations.go:320.3,322.73 3 0
github.com/artziel/go-migrations/migrations.go:326.3,333.13 6 0
github.com/artziel/go-migrations/migrations.go:307.87,309.4 1 0
github.com/artziel/go-migrations/migrations.go:312.17,314.4 1 0
github.com/artziel/go-migrations/migrations.go:316.45,318.4 1 0
github.com/artziel/go-migrations/migrations.go:322.73,324.4 1 0
github.com/artziel/go-migrations/migrations.go:334.17,336.3 1 0
github.com/artziel/go-migrations/migrations.go:341.101,343.34 1 0
github.com/artziel/go-migrations/migrations.go:358.2,360.12 2 0
github.com/artziel/go-migrations/migrations.go:343.34,345.17 2 0
github.com/artziel/go-migrations/migrations.go:348.3,348.55 1 0
github.com/artziel/go-migrations/migrations.go:351.3,351.18 1 0
github.com/artziel/go-migrations/migrations.go:354.3,355.43 2 0
github.com/artziel/go-migrations/migrations.go:345.17,347.4 1 0
github.com/artziel/go-migrations/migrations.go:348.55,350.4 1 0
github.com/artziel/go-migrations/migrations.go:351.18,353.4 1 0
github.com/artziel/go-migrations/migrations.go:363.79,365.34 1 0
github.com/artziel/go-migrations/migrations.go:368.2,369.16 2 0
github.com/artziel/go-migrations/migrations.go:373.2,373.49 1 0
github.com/artziel/go-migrations/migrations.go:393.2,393.12 1 0
github.com/artziel/go-migrations/migrations.go:365.34,367.3 1 0
github.com/artziel/go-migrations/migrations.go:369.16,371.3 1 0
github.com/artziel/go-migrations/migrations.go:373.49,374.22 1 0
github.com/artziel/go-migrations/migrations.go:381.3,382.67 2 0
github.com/artziel/go-migrations/migrations.go:386.3,388.13 2 0
github.com/artziel/go-migrations/migrations.go:374.22,376.50 2 0
github.com/artziel/go-migrations/migrations.go:376.50,378.5 1 0
github.com/artziel/go-migrations/migrations.go:382.67,384.4 1 0
github.com/artziel/go-migrations/migrations.go:389.17,391.3 1 0
github.com/artziel/go-migrations/migrations.go:396.102,398.20 1 0
github.com/artziel/go-migrations/migrations.go:418.2,418.12 1 0
github.com/artziel/go-migrations/migrations.go:398.20,402.17 3 0
github.com/artziel/go-migrations/migrations.go:405.3,406.17 2 0
github.com/artziel/go-migrations/migrations.go:413.3,413.18 1 0
github.com/artziel/go-migrations/migrations.go:402.17,404.4 1 0
github.com/artziel/go-migrations/migrations.go:406.17,408.4 1 0
github.com/artziel/go-migrations/migrations.go:408.9,412.4 3 0
github.com/artziel/go-migrations/migrations.go:413.18,415.4 1 0
github.com/artziel/go-migrations/security.go:5.52,8.2 2 0
